2020-12-28 15:49:49,243 INFO com.cg.JobSearchSystem.JobSearchSystemApplication [restartedMain] Starting JobSearchSystemApplication using Java 15.0.1 on DESKTOP-HO4P0CS with PID 9728 (C:\Users\admin\Desktop\mock\jobsearchsystem\jobsearchsystem\jobsearchsystem\Job-Search-System\target\classes started by admin in C:\Users\admin\Desktop\mock\jobsearchsystem\jobsearchsystem\jobsearchsystem\Job-Search-System)
2020-12-28 15:49:49,248 DEBUG com.cg.JobSearchSystem.JobSearchSystemApplication [restartedMain] Running with Spring Boot v2.4.1, Spring v5.3.2
2020-12-28 15:49:49,249 INFO com.cg.JobSearchSystem.JobSearchSystemApplication [restartedMain] No active profile set, falling back to default profiles: default
2020-12-28 15:49:49,438 INFO org.springframework.boot.devtools.env.DevToolsPropertyDefaultsPostProcessor [restartedMain] Devtools property defaults active! Set 'spring.devtools.add-properties' to 'false' to disable
2020-12-28 15:49:49,440 INFO org.springframework.boot.devtools.env.DevToolsPropertyDefaultsPostProcessor [restartedMain] For additional web related logging consider setting the 'logging.level.web' property to 'DEBUG'
2020-12-28 15:49:51,184 INFO org.springframework.data.repository.config.RepositoryConfigurationDelegate [restartedMain] Bootstrapping Spring Data JPA repositories in DEFAULT mode.
2020-12-28 15:49:51,350 INFO org.springframework.data.repository.config.RepositoryConfigurationDelegate [restartedMain] Finished Spring Data repository scanning in 146 ms. Found 6 JPA repository interfaces.
2020-12-28 15:49:53,834 INFO org.springframework.boot.web.embedded.tomcat.TomcatWebServer [restartedMain] Tomcat initialized with port(s): 8082 (http)
2020-12-28 15:49:53,916 INFO org.apache.coyote.http11.Http11NioProtocol [restartedMain] Initializing ProtocolHandler ["http-nio-8082"]
2020-12-28 15:49:53,917 INFO org.apache.catalina.core.StandardService [restartedMain] Starting service [Tomcat]
2020-12-28 15:49:53,918 INFO org.apache.catalina.core.StandardEngine [restartedMain] Starting Servlet engine: [Apache Tomcat/9.0.41]
2020-12-28 15:49:54,234 INFO org.apache.catalina.core.ContainerBase.[Tomcat].[localhost].[/] [restartedMain] Initializing Spring embedded WebApplicationContext
2020-12-28 15:49:54,234 INFO org.springframework.boot.web.servlet.context.ServletWebServerApplicationContext [restartedMain] Root WebApplicationContext: initialization completed in 4793 ms
2020-12-28 15:49:56,250 INFO org.hibernate.jpa.internal.util.LogHelper [restartedMain] HHH000204: Processing PersistenceUnitInfo [name: default]
2020-12-28 15:49:56,562 INFO org.hibernate.Version [restartedMain] HHH000412: Hibernate ORM core version 5.4.25.Final
2020-12-28 15:49:57,476 INFO org.hibernate.annotations.common.Version [restartedMain] HCANN000001: Hibernate Commons Annotations {5.1.2.Final}
2020-12-28 15:49:57,949 INFO com.zaxxer.hikari.HikariDataSource [restartedMain] HikariPool-1 - Starting...
2020-12-28 15:49:59,038 INFO com.zaxxer.hikari.HikariDataSource [restartedMain] HikariPool-1 - Start completed.
2020-12-28 15:49:59,225 INFO org.hibernate.dialect.Dialect [restartedMain] HHH000400: Using dialect: org.hibernate.dialect.PostgreSQL10Dialect
2020-12-28 15:50:08,813 INFO org.hibernate.engine.transaction.jta.platform.internal.JtaPlatformInitiator [restartedMain] HHH000490: Using JtaPlatform implementation: [org.hibernate.engine.transaction.jta.platform.internal.NoJtaPlatform]
2020-12-28 15:50:08,857 INFO org.springframework.orm.jpa.LocalContainerEntityManagerFactoryBean [restartedMain] Initialized JPA EntityManagerFactory for persistence unit 'default'
2020-12-28 15:50:08,960 INFO org.springframework.boot.devtools.autoconfigure.OptionalLiveReloadServer [restartedMain] LiveReload server is running on port 35729
2020-12-28 16:00:56,309 INFO org.springframework.boot.test.context.SpringBootTestContextBootstrapper [main] Neither @ContextConfiguration nor @ContextHierarchy found for test class [com.cg.controller.MessageControllerTest], using SpringBootContextLoader
2020-12-28 16:00:56,319 INFO org.springframework.test.context.support.AbstractContextLoader [main] Could not detect default resource locations for test class [com.cg.controller.MessageControllerTest]: no resource found for suffixes {-context.xml, Context.groovy}.
2020-12-28 16:00:56,830 INFO org.springframework.boot.test.context.SpringBootTestContextBootstrapper [main] Loaded default TestExecutionListener class names from location [META-INF/spring.factories]: [org.springframework.boot.test.mock.mockito.MockitoTestExecutionListener, org.springframework.boot.test.mock.mockito.ResetMocksTestExecutionListener, org.springframework.boot.test.autoconfigure.restdocs.RestDocsTestExecutionListener, org.springframework.boot.test.autoconfigure.web.client.MockRestServiceServerResetTestExecutionListener, org.springframework.boot.test.autoconfigure.web.servlet.MockMvcPrintOnlyOnFailureTestExecutionListener, org.springframework.boot.test.autoconfigure.web.servlet.WebDriverTestExecutionListener, org.springframework.boot.test.autoconfigure.webservices.client.MockWebServiceServerTestExecutionListener, org.springframework.test.context.web.ServletTestExecutionListener, org.springframework.test.context.support.DirtiesContextBeforeModesTestExecutionListener, org.springframework.test.context.support.DependencyInjectionTestExecutionListener, org.springframework.test.context.support.DirtiesContextTestExecutionListener, org.springframework.test.context.transaction.TransactionalTestExecutionListener, org.springframework.test.context.jdbc.SqlScriptsTestExecutionListener, org.springframework.test.context.event.EventPublishingTestExecutionListener]
2020-12-28 16:00:56,947 INFO org.springframework.boot.test.context.SpringBootTestContextBootstrapper [main] Using TestExecutionListeners: [org.springframework.test.context.web.ServletTestExecutionListener@363042d7, org.springframework.test.context.support.DirtiesContextBeforeModesTestExecutionListener@366ac49b, org.springframework.boot.test.mock.mockito.MockitoTestExecutionListener@6ad59d92, org.springframework.boot.test.autoconfigure.SpringBootDependencyInjectionTestExecutionListener@56f0cc85, org.springframework.test.context.support.DirtiesContextTestExecutionListener@62e20a76, org.springframework.test.context.transaction.TransactionalTestExecutionListener@2cc44ad, org.springframework.test.context.jdbc.SqlScriptsTestExecutionListener@44b3606b, org.springframework.test.context.event.EventPublishingTestExecutionListener@1477089c, org.springframework.boot.test.mock.mockito.ResetMocksTestExecutionListener@663411de, org.springframework.boot.test.autoconfigure.restdocs.RestDocsTestExecutionListener@63dd899, org.springframework.boot.test.autoconfigure.web.client.MockRestServiceServerResetTestExecutionListener@59d2400d, org.springframework.boot.test.autoconfigure.web.servlet.MockMvcPrintOnlyOnFailureTestExecutionListener@75cd8043, org.springframework.boot.test.autoconfigure.web.servlet.WebDriverTestExecutionListener@33b1c5c5, org.springframework.boot.test.autoconfigure.webservices.client.MockWebServiceServerTestExecutionListener@5b202a3a]
2020-12-28 16:00:57,857 INFO com.cg.controller.MessageControllerTest [main] Starting MessageControllerTest using Java 15.0.1 on DESKTOP-HO4P0CS with PID 6388 (started by admin in C:\Users\admin\Desktop\mock\jobsearchsystem\jobsearchsystem\jobsearchsystem\Job-Search-System)
2020-12-28 16:00:57,859 DEBUG com.cg.controller.MessageControllerTest [main] Running with Spring Boot v2.4.1, Spring v5.3.2
2020-12-28 16:00:57,873 INFO com.cg.controller.MessageControllerTest [main] No active profile set, falling back to default profiles: default
2020-12-28 16:01:23,754 INFO org.springframework.boot.test.context.SpringBootTestContextBootstrapper [main] Neither @ContextConfiguration nor @ContextHierarchy found for test class [com.cg.controller.MessageControllerTest], using SpringBootContextLoader
2020-12-28 16:01:23,764 INFO org.springframework.test.context.support.AbstractContextLoader [main] Could not detect default resource locations for test class [com.cg.controller.MessageControllerTest]: no resource found for suffixes {-context.xml, Context.groovy}.
2020-12-28 16:01:24,308 INFO org.springframework.boot.test.context.SpringBootTestContextBootstrapper [main] Loaded default TestExecutionListener class names from location [META-INF/spring.factories]: [org.springframework.boot.test.mock.mockito.MockitoTestExecutionListener, org.springframework.boot.test.mock.mockito.ResetMocksTestExecutionListener, org.springframework.boot.test.autoconfigure.restdocs.RestDocsTestExecutionListener, org.springframework.boot.test.autoconfigure.web.client.MockRestServiceServerResetTestExecutionListener, org.springframework.boot.test.autoconfigure.web.servlet.MockMvcPrintOnlyOnFailureTestExecutionListener, org.springframework.boot.test.autoconfigure.web.servlet.WebDriverTestExecutionListener, org.springframework.boot.test.autoconfigure.webservices.client.MockWebServiceServerTestExecutionListener, org.springframework.test.context.web.ServletTestExecutionListener, org.springframework.test.context.support.DirtiesContextBeforeModesTestExecutionListener, org.springframework.test.context.support.DependencyInjectionTestExecutionListener, org.springframework.test.context.support.DirtiesContextTestExecutionListener, org.springframework.test.context.transaction.TransactionalTestExecutionListener, org.springframework.test.context.jdbc.SqlScriptsTestExecutionListener, org.springframework.test.context.event.EventPublishingTestExecutionListener]
2020-12-28 16:01:24,349 INFO org.springframework.boot.test.context.SpringBootTestContextBootstrapper [main] Using TestExecutionListeners: [org.springframework.test.context.web.ServletTestExecutionListener@363042d7, org.springframework.test.context.support.DirtiesContextBeforeModesTestExecutionListener@366ac49b, org.springframework.boot.test.mock.mockito.MockitoTestExecutionListener@6ad59d92, org.springframework.boot.test.autoconfigure.SpringBootDependencyInjectionTestExecutionListener@56f0cc85, org.springframework.test.context.support.DirtiesContextTestExecutionListener@62e20a76, org.springframework.test.context.transaction.TransactionalTestExecutionListener@2cc44ad, org.springframework.test.context.jdbc.SqlScriptsTestExecutionListener@44b3606b, org.springframework.test.context.event.EventPublishingTestExecutionListener@1477089c, org.springframework.boot.test.mock.mockito.ResetMocksTestExecutionListener@663411de, org.springframework.boot.test.autoconfigure.restdocs.RestDocsTestExecutionListener@63dd899, org.springframework.boot.test.autoconfigure.web.client.MockRestServiceServerResetTestExecutionListener@59d2400d, org.springframework.boot.test.autoconfigure.web.servlet.MockMvcPrintOnlyOnFailureTestExecutionListener@75cd8043, org.springframework.boot.test.autoconfigure.web.servlet.WebDriverTestExecutionListener@33b1c5c5, org.springframework.boot.test.autoconfigure.webservices.client.MockWebServiceServerTestExecutionListener@5b202a3a]
2020-12-28 16:01:25,297 INFO com.cg.controller.MessageControllerTest [main] Starting MessageControllerTest using Java 15.0.1 on DESKTOP-HO4P0CS with PID 22360 (started by admin in C:\Users\admin\Desktop\mock\jobsearchsystem\jobsearchsystem\jobsearchsystem\Job-Search-System)
2020-12-28 16:01:25,298 DEBUG com.cg.controller.MessageControllerTest [main] Running with Spring Boot v2.4.1, Spring v5.3.2
2020-12-28 16:01:25,305 INFO com.cg.controller.MessageControllerTest [main] No active profile set, falling back to default profiles: default
2020-12-28 16:01:27,396 INFO org.springframework.data.repository.config.RepositoryConfigurationDelegate [main] Bootstrapping Spring Data JPA repositories in DEFAULT mode.
2020-12-28 16:01:27,574 INFO org.springframework.data.repository.config.RepositoryConfigurationDelegate [main] Finished Spring Data repository scanning in 154 ms. Found 6 JPA repository interfaces.
2020-12-28 16:01:30,478 INFO org.springframework.boot.web.embedded.tomcat.TomcatWebServer [main] Tomcat initialized with port(s): 0 (http)
2020-12-28 16:01:30,504 INFO org.apache.coyote.http11.Http11NioProtocol [main] Initializing ProtocolHandler ["http-nio-auto-1"]
2020-12-28 16:01:30,505 INFO org.apache.catalina.core.StandardService [main] Starting service [Tomcat]
2020-12-28 16:01:30,506 INFO org.apache.catalina.core.StandardEngine [main] Starting Servlet engine: [Apache Tomcat/9.0.41]
2020-12-28 16:01:30,772 INFO org.apache.catalina.core.ContainerBase.[Tomcat].[localhost].[/] [main] Initializing Spring embedded WebApplicationContext
2020-12-28 16:01:30,772 INFO org.springframework.boot.web.servlet.context.ServletWebServerApplicationContext [main] Root WebApplicationContext: initialization completed in 5394 ms
2020-12-28 16:01:34,136 INFO org.hibernate.jpa.internal.util.LogHelper [main] HHH000204: Processing PersistenceUnitInfo [name: default]
2020-12-28 16:01:34,436 INFO org.hibernate.Version [main] HHH000412: Hibernate ORM core version 5.4.25.Final
2020-12-28 16:01:34,863 INFO org.hibernate.annotations.common.Version [main] HCANN000001: Hibernate Commons Annotations {5.1.2.Final}
2020-12-28 16:01:35,107 INFO com.zaxxer.hikari.HikariDataSource [main] HikariPool-1 - Starting...
2020-12-28 16:01:35,451 INFO com.zaxxer.hikari.HikariDataSource [main] HikariPool-1 - Start completed.
2020-12-28 16:01:35,618 INFO org.hibernate.dialect.Dialect [main] HHH000400: Using dialect: org.hibernate.dialect.PostgreSQL10Dialect
2020-12-28 16:01:38,600 INFO org.hibernate.engine.transaction.jta.platform.internal.JtaPlatformInitiator [main] HHH000490: Using JtaPlatform implementation: [org.hibernate.engine.transaction.jta.platform.internal.NoJtaPlatform]
2020-12-28 16:01:38,612 INFO org.springframework.orm.jpa.LocalContainerEntityManagerFactoryBean [main] Initialized JPA EntityManagerFactory for persistence unit 'default'
2020-12-28 16:01:40,853 WARN org.springframework.boot.autoconfigure.orm.jpa.JpaBaseConfiguration$JpaWebConfiguration [main] spring.jpa.open-in-view is enabled by default. Therefore, database queries may be performed during view rendering. Explicitly configure spring.jpa.open-in-view to disable this warning
2020-12-28 16:01:41,612 INFO org.springframework.scheduling.concurrent.ThreadPoolTaskExecutor [main] Initializing ExecutorService 'applicationTaskExecutor'
2020-12-28 16:01:43,405 INFO org.apache.catalina.core.ContainerBase.[Tomcat].[localhost].[/] [main] Initializing Spring TestDispatcherServlet ''
2020-12-28 16:01:43,406 INFO org.springframework.test.web.servlet.TestDispatcherServlet [main] Initializing Servlet ''
2020-12-28 16:01:43,422 INFO org.springframework.boot.actuate.endpoint.web.EndpointLinksResolver [main] Exposing 2 endpoint(s) beneath base path '/actuator'
2020-12-28 16:01:43,475 INFO org.springframework.test.web.servlet.TestDispatcherServlet [main] Completed initialization in 68 ms
2020-12-28 16:01:43,617 INFO org.apache.coyote.http11.Http11NioProtocol [main] Starting ProtocolHandler ["http-nio-auto-1"]
2020-12-28 16:01:43,715 INFO org.springframework.boot.web.embedded.tomcat.TomcatWebServer [main] Tomcat started on port(s): 56356 (http) with context path ''
2020-12-28 16:01:43,760 INFO com.cg.controller.MessageControllerTest [main] Started MessageControllerTest in 19.273 seconds (JVM running for 21.91)
2020-12-28 16:01:45,234 ERROR com.cg.controller.MessageController [main] The given id must not be null!; nested exception is java.lang.IllegalArgumentException: The given id must not be null!
2020-12-28 16:01:45,807 INFO org.springframework.scheduling.concurrent.ThreadPoolTaskExecutor [SpringContextShutdownHook] Shutting down ExecutorService 'applicationTaskExecutor'
2020-12-28 16:01:45,815 INFO org.springframework.orm.jpa.LocalContainerEntityManagerFactoryBean [SpringContextShutdownHook] Closing JPA EntityManagerFactory for persistence unit 'default'
2020-12-28 16:01:45,845 INFO com.zaxxer.hikari.HikariDataSource [SpringContextShutdownHook] HikariPool-1 - Shutdown initiated...
2020-12-28 16:01:45,855 INFO com.zaxxer.hikari.HikariDataSource [SpringContextShutdownHook] HikariPool-1 - Shutdown completed.
2020-12-28 16:06:20,039 INFO org.springframework.boot.test.context.SpringBootTestContextBootstrapper [main] Neither @ContextConfiguration nor @ContextHierarchy found for test class [com.cg.controller.MessageControllerTest], using SpringBootContextLoader
2020-12-28 16:06:20,080 INFO org.springframework.test.context.support.AbstractContextLoader [main] Could not detect default resource locations for test class [com.cg.controller.MessageControllerTest]: no resource found for suffixes {-context.xml, Context.groovy}.
2020-12-28 16:06:20,642 INFO org.springframework.boot.test.context.SpringBootTestContextBootstrapper [main] Loaded default TestExecutionListener class names from location [META-INF/spring.factories]: [org.springframework.boot.test.mock.mockito.MockitoTestExecutionListener, org.springframework.boot.test.mock.mockito.ResetMocksTestExecutionListener, org.springframework.boot.test.autoconfigure.restdocs.RestDocsTestExecutionListener, org.springframework.boot.test.autoconfigure.web.client.MockRestServiceServerResetTestExecutionListener, org.springframework.boot.test.autoconfigure.web.servlet.MockMvcPrintOnlyOnFailureTestExecutionListener, org.springframework.boot.test.autoconfigure.web.servlet.WebDriverTestExecutionListener, org.springframework.boot.test.autoconfigure.webservices.client.MockWebServiceServerTestExecutionListener, org.springframework.test.context.web.ServletTestExecutionListener, org.springframework.test.context.support.DirtiesContextBeforeModesTestExecutionListener, org.springframework.test.context.support.DependencyInjectionTestExecutionListener, org.springframework.test.context.support.DirtiesContextTestExecutionListener, org.springframework.test.context.transaction.TransactionalTestExecutionListener, org.springframework.test.context.jdbc.SqlScriptsTestExecutionListener, org.springframework.test.context.event.EventPublishingTestExecutionListener]
2020-12-28 16:06:20,829 INFO org.springframework.boot.test.context.SpringBootTestContextBootstrapper [main] Using TestExecutionListeners: [org.springframework.test.context.web.ServletTestExecutionListener@6ad59d92, org.springframework.test.context.support.DirtiesContextBeforeModesTestExecutionListener@56f0cc85, org.springframework.boot.test.mock.mockito.MockitoTestExecutionListener@62e20a76, org.springframework.boot.test.autoconfigure.SpringBootDependencyInjectionTestExecutionListener@2cc44ad, org.springframework.test.context.support.DirtiesContextTestExecutionListener@44b3606b, org.springframework.test.context.transaction.TransactionalTestExecutionListener@1477089c, org.springframework.test.context.jdbc.SqlScriptsTestExecutionListener@663411de, org.springframework.test.context.event.EventPublishingTestExecutionListener@63dd899, org.springframework.boot.test.mock.mockito.ResetMocksTestExecutionListener@59d2400d, org.springframework.boot.test.autoconfigure.restdocs.RestDocsTestExecutionListener@75cd8043, org.springframework.boot.test.autoconfigure.web.client.MockRestServiceServerResetTestExecutionListener@33b1c5c5, org.springframework.boot.test.autoconfigure.web.servlet.MockMvcPrintOnlyOnFailureTestExecutionListener@5b202a3a, org.springframework.boot.test.autoconfigure.web.servlet.WebDriverTestExecutionListener@10b9db7b, org.springframework.boot.test.autoconfigure.webservices.client.MockWebServiceServerTestExecutionListener@9ef8eb7]
2020-12-28 16:06:21,686 INFO com.cg.controller.MessageControllerTest [main] Starting MessageControllerTest using Java 15.0.1 on DESKTOP-HO4P0CS with PID 20244 (started by admin in C:\Users\admin\Desktop\mock\jobsearchsystem\jobsearchsystem\jobsearchsystem\Job-Search-System)
2020-12-28 16:06:21,687 DEBUG com.cg.controller.MessageControllerTest [main] Running with Spring Boot v2.4.1, Spring v5.3.2
2020-12-28 16:06:21,697 INFO com.cg.controller.MessageControllerTest [main] No active profile set, falling back to default profiles: default
2020-12-28 16:06:27,026 INFO org.springframework.data.repository.config.RepositoryConfigurationDelegate [main] Bootstrapping Spring Data JPA repositories in DEFAULT mode.
2020-12-28 16:06:27,450 INFO org.springframework.data.repository.config.RepositoryConfigurationDelegate [main] Finished Spring Data repository scanning in 328 ms. Found 6 JPA repository interfaces.
2020-12-28 16:06:32,806 INFO org.springframework.boot.web.embedded.tomcat.TomcatWebServer [main] Tomcat initialized with port(s): 0 (http)
2020-12-28 16:06:33,062 INFO org.apache.coyote.http11.Http11NioProtocol [main] Initializing ProtocolHandler ["http-nio-auto-1"]
2020-12-28 16:06:33,064 INFO org.apache.catalina.core.StandardService [main] Starting service [Tomcat]
2020-12-28 16:06:33,065 INFO org.apache.catalina.core.StandardEngine [main] Starting Servlet engine: [Apache Tomcat/9.0.41]
2020-12-28 16:06:33,707 INFO org.apache.catalina.core.ContainerBase.[Tomcat].[localhost].[/] [main] Initializing Spring embedded WebApplicationContext
2020-12-28 16:06:33,707 INFO org.springframework.boot.web.servlet.context.ServletWebServerApplicationContext [main] Root WebApplicationContext: initialization completed in 11963 ms
2020-12-28 16:06:36,032 INFO org.hibernate.jpa.internal.util.LogHelper [main] HHH000204: Processing PersistenceUnitInfo [name: default]
2020-12-28 16:06:36,699 INFO org.hibernate.Version [main] HHH000412: Hibernate ORM core version 5.4.25.Final
2020-12-28 16:06:38,596 INFO org.hibernate.annotations.common.Version [main] HCANN000001: Hibernate Commons Annotations {5.1.2.Final}
2020-12-28 16:06:39,336 INFO com.zaxxer.hikari.HikariDataSource [main] HikariPool-1 - Starting...
2020-12-28 16:06:40,399 INFO com.zaxxer.hikari.HikariDataSource [main] HikariPool-1 - Start completed.
2020-12-28 16:06:40,643 INFO org.hibernate.dialect.Dialect [main] HHH000400: Using dialect: org.hibernate.dialect.PostgreSQL10Dialect
2020-12-28 16:06:47,502 INFO org.hibernate.engine.transaction.jta.platform.internal.JtaPlatformInitiator [main] HHH000490: Using JtaPlatform implementation: [org.hibernate.engine.transaction.jta.platform.internal.NoJtaPlatform]
2020-12-28 16:06:47,539 INFO org.springframework.orm.jpa.LocalContainerEntityManagerFactoryBean [main] Initialized JPA EntityManagerFactory for persistence unit 'default'
2020-12-28 16:06:51,103 WARN org.springframework.boot.autoconfigure.orm.jpa.JpaBaseConfiguration$JpaWebConfiguration [main] spring.jpa.open-in-view is enabled by default. Therefore, database queries may be performed during view rendering. Explicitly configure spring.jpa.open-in-view to disable this warning
2020-12-28 16:06:52,264 INFO org.springframework.scheduling.concurrent.ThreadPoolTaskExecutor [main] Initializing ExecutorService 'applicationTaskExecutor'
2020-12-28 16:06:55,231 INFO org.apache.catalina.core.ContainerBase.[Tomcat].[localhost].[/] [main] Initializing Spring TestDispatcherServlet ''
2020-12-28 16:06:55,232 INFO org.springframework.test.web.servlet.TestDispatcherServlet [main] Initializing Servlet ''
2020-12-28 16:06:55,257 INFO org.springframework.boot.actuate.endpoint.web.EndpointLinksResolver [main] Exposing 2 endpoint(s) beneath base path '/actuator'
2020-12-28 16:06:55,368 INFO org.springframework.test.web.servlet.TestDispatcherServlet [main] Completed initialization in 136 ms
2020-12-28 16:06:55,541 INFO org.apache.coyote.http11.Http11NioProtocol [main] Starting ProtocolHandler ["http-nio-auto-1"]
2020-12-28 16:06:55,633 INFO org.springframework.boot.web.embedded.tomcat.TomcatWebServer [main] Tomcat started on port(s): 56477 (http) with context path ''
2020-12-28 16:06:55,715 INFO com.cg.controller.MessageControllerTest [main] Started MessageControllerTest in 34.689 seconds (JVM running for 39.889)
2020-12-28 16:06:58,489 ERROR com.cg.controller.MessageController [main] The given id must not be null!; nested exception is java.lang.IllegalArgumentException: The given id must not be null!
2020-12-28 16:06:58,613 INFO org.springframework.scheduling.concurrent.ThreadPoolTaskExecutor [SpringContextShutdownHook] Shutting down ExecutorService 'applicationTaskExecutor'
2020-12-28 16:06:58,618 INFO org.springframework.orm.jpa.LocalContainerEntityManagerFactoryBean [SpringContextShutdownHook] Closing JPA EntityManagerFactory for persistence unit 'default'
2020-12-28 16:06:58,654 INFO com.zaxxer.hikari.HikariDataSource [SpringContextShutdownHook] HikariPool-1 - Shutdown initiated...
2020-12-28 16:06:58,665 INFO com.zaxxer.hikari.HikariDataSource [SpringContextShutdownHook] HikariPool-1 - Shutdown completed.
2020-12-28 16:16:01,443 INFO org.springframework.boot.test.context.SpringBootTestContextBootstrapper [main] Neither @ContextConfiguration nor @ContextHierarchy found for test class [com.cg.controller.MessageControllerTest], using SpringBootContextLoader
2020-12-28 16:16:01,496 INFO org.springframework.test.context.support.AbstractContextLoader [main] Could not detect default resource locations for test class [com.cg.controller.MessageControllerTest]: no resource found for suffixes {-context.xml, Context.groovy}.
2020-12-28 16:16:02,118 INFO org.springframework.boot.test.context.SpringBootTestContextBootstrapper [main] Loaded default TestExecutionListener class names from location [META-INF/spring.factories]: [org.springframework.boot.test.mock.mockito.MockitoTestExecutionListener, org.springframework.boot.test.mock.mockito.ResetMocksTestExecutionListener, org.springframework.boot.test.autoconfigure.restdocs.RestDocsTestExecutionListener, org.springframework.boot.test.autoconfigure.web.client.MockRestServiceServerResetTestExecutionListener, org.springframework.boot.test.autoconfigure.web.servlet.MockMvcPrintOnlyOnFailureTestExecutionListener, org.springframework.boot.test.autoconfigure.web.servlet.WebDriverTestExecutionListener, org.springframework.boot.test.autoconfigure.webservices.client.MockWebServiceServerTestExecutionListener, org.springframework.test.context.web.ServletTestExecutionListener, org.springframework.test.context.support.DirtiesContextBeforeModesTestExecutionListener, org.springframework.test.context.support.DependencyInjectionTestExecutionListener, org.springframework.test.context.support.DirtiesContextTestExecutionListener, org.springframework.test.context.transaction.TransactionalTestExecutionListener, org.springframework.test.context.jdbc.SqlScriptsTestExecutionListener, org.springframework.test.context.event.EventPublishingTestExecutionListener]
2020-12-28 16:16:02,470 INFO org.springframework.boot.test.context.SpringBootTestContextBootstrapper [main] Using TestExecutionListeners: [org.springframework.test.context.web.ServletTestExecutionListener@6ad59d92, org.springframework.test.context.support.DirtiesContextBeforeModesTestExecutionListener@56f0cc85, org.springframework.boot.test.mock.mockito.MockitoTestExecutionListener@62e20a76, org.springframework.boot.test.autoconfigure.SpringBootDependencyInjectionTestExecutionListener@2cc44ad, org.springframework.test.context.support.DirtiesContextTestExecutionListener@44b3606b, org.springframework.test.context.transaction.TransactionalTestExecutionListener@1477089c, org.springframework.test.context.jdbc.SqlScriptsTestExecutionListener@663411de, org.springframework.test.context.event.EventPublishingTestExecutionListener@63dd899, org.springframework.boot.test.mock.mockito.ResetMocksTestExecutionListener@59d2400d, org.springframework.boot.test.autoconfigure.restdocs.RestDocsTestExecutionListener@75cd8043, org.springframework.boot.test.autoconfigure.web.client.MockRestServiceServerResetTestExecutionListener@33b1c5c5, org.springframework.boot.test.autoconfigure.web.servlet.MockMvcPrintOnlyOnFailureTestExecutionListener@5b202a3a, org.springframework.boot.test.autoconfigure.web.servlet.WebDriverTestExecutionListener@10b9db7b, org.springframework.boot.test.autoconfigure.webservices.client.MockWebServiceServerTestExecutionListener@9ef8eb7]
2020-12-28 16:16:05,310 INFO com.cg.controller.MessageControllerTest [main] Starting MessageControllerTest using Java 15.0.1 on DESKTOP-HO4P0CS with PID 20288 (started by admin in C:\Users\admin\Desktop\mock\jobsearchsystem\jobsearchsystem\jobsearchsystem\Job-Search-System)
2020-12-28 16:16:05,312 DEBUG com.cg.controller.MessageControllerTest [main] Running with Spring Boot v2.4.1, Spring v5.3.2
2020-12-28 16:16:05,317 INFO com.cg.controller.MessageControllerTest [main] No active profile set, falling back to default profiles: default
2020-12-28 16:16:15,806 INFO org.springframework.data.repository.config.RepositoryConfigurationDelegate [main] Bootstrapping Spring Data JPA repositories in DEFAULT mode.
2020-12-28 16:16:16,166 INFO org.springframework.data.repository.config.RepositoryConfigurationDelegate [main] Finished Spring Data repository scanning in 304 ms. Found 6 JPA repository interfaces.
2020-12-28 16:16:21,954 INFO org.springframework.boot.web.embedded.tomcat.TomcatWebServer [main] Tomcat initialized with port(s): 0 (http)
2020-12-28 16:16:22,095 INFO org.apache.coyote.http11.Http11NioProtocol [main] Initializing ProtocolHandler ["http-nio-auto-1"]
2020-12-28 16:16:22,098 INFO org.apache.catalina.core.StandardService [main] Starting service [Tomcat]
2020-12-28 16:16:22,100 INFO org.apache.catalina.core.StandardEngine [main] Starting Servlet engine: [Apache Tomcat/9.0.41]
2020-12-28 16:16:22,514 INFO org.apache.catalina.core.ContainerBase.[Tomcat].[localhost].[/] [main] Initializing Spring embedded WebApplicationContext
2020-12-28 16:16:22,515 INFO org.springframework.boot.web.servlet.context.ServletWebServerApplicationContext [main] Root WebApplicationContext: initialization completed in 17043 ms
2020-12-28 16:16:25,972 INFO org.hibernate.jpa.internal.util.LogHelper [main] HHH000204: Processing PersistenceUnitInfo [name: default]
2020-12-28 16:16:26,444 INFO org.hibernate.Version [main] HHH000412: Hibernate ORM core version 5.4.25.Final
2020-12-28 16:16:27,267 INFO org.hibernate.annotations.common.Version [main] HCANN000001: Hibernate Commons Annotations {5.1.2.Final}
2020-12-28 16:16:27,834 INFO com.zaxxer.hikari.HikariDataSource [main] HikariPool-1 - Starting...
2020-12-28 16:16:28,598 INFO com.zaxxer.hikari.HikariDataSource [main] HikariPool-1 - Start completed.
2020-12-28 16:16:28,824 INFO org.hibernate.dialect.Dialect [main] HHH000400: Using dialect: org.hibernate.dialect.PostgreSQL10Dialect
2020-12-28 16:16:34,120 INFO org.hibernate.engine.transaction.jta.platform.internal.JtaPlatformInitiator [main] HHH000490: Using JtaPlatform implementation: [org.hibernate.engine.transaction.jta.platform.internal.NoJtaPlatform]
2020-12-28 16:16:34,189 INFO org.springframework.orm.jpa.LocalContainerEntityManagerFactoryBean [main] Initialized JPA EntityManagerFactory for persistence unit 'default'
2020-12-28 16:16:42,641 WARN org.springframework.boot.autoconfigure.orm.jpa.JpaBaseConfiguration$JpaWebConfiguration [main] spring.jpa.open-in-view is enabled by default. Therefore, database queries may be performed during view rendering. Explicitly configure spring.jpa.open-in-view to disable this warning
2020-12-28 16:16:44,968 INFO org.springframework.scheduling.concurrent.ThreadPoolTaskExecutor [main] Initializing ExecutorService 'applicationTaskExecutor'
2020-12-28 16:16:49,260 INFO org.apache.catalina.core.ContainerBase.[Tomcat].[localhost].[/] [main] Initializing Spring TestDispatcherServlet ''
2020-12-28 16:16:49,261 INFO org.springframework.test.web.servlet.TestDispatcherServlet [main] Initializing Servlet ''
2020-12-28 16:16:49,280 INFO org.springframework.boot.actuate.endpoint.web.EndpointLinksResolver [main] Exposing 2 endpoint(s) beneath base path '/actuator'
2020-12-28 16:16:49,349 INFO org.springframework.test.web.servlet.TestDispatcherServlet [main] Completed initialization in 88 ms
2020-12-28 16:16:49,482 INFO org.apache.coyote.http11.Http11NioProtocol [main] Starting ProtocolHandler ["http-nio-auto-1"]
2020-12-28 16:16:49,670 INFO org.springframework.boot.web.embedded.tomcat.TomcatWebServer [main] Tomcat started on port(s): 56718 (http) with context path ''
2020-12-28 16:16:49,736 INFO com.cg.controller.MessageControllerTest [main] Started MessageControllerTest in 46.793 seconds (JVM running for 51.407)
2020-12-28 16:16:53,320 ERROR com.cg.controller.MessageController [main] The given id must not be null!; nested exception is java.lang.IllegalArgumentException: The given id must not be null!
2020-12-28 16:16:53,505 INFO org.springframework.scheduling.concurrent.ThreadPoolTaskExecutor [SpringContextShutdownHook] Shutting down ExecutorService 'applicationTaskExecutor'
2020-12-28 16:16:53,513 INFO org.springframework.orm.jpa.LocalContainerEntityManagerFactoryBean [SpringContextShutdownHook] Closing JPA EntityManagerFactory for persistence unit 'default'
2020-12-28 16:16:53,553 INFO com.zaxxer.hikari.HikariDataSource [SpringContextShutdownHook] HikariPool-1 - Shutdown initiated...
2020-12-28 16:16:53,569 INFO com.zaxxer.hikari.HikariDataSource [SpringContextShutdownHook] HikariPool-1 - Shutdown completed.
2020-12-28 16:18:09,815 INFO org.springframework.boot.test.context.SpringBootTestContextBootstrapper [main] Neither @ContextConfiguration nor @ContextHierarchy found for test class [com.cg.controller.MessageControllerTest], using SpringBootContextLoader
2020-12-28 16:18:09,825 INFO org.springframework.test.context.support.AbstractContextLoader [main] Could not detect default resource locations for test class [com.cg.controller.MessageControllerTest]: no resource found for suffixes {-context.xml, Context.groovy}.
2020-12-28 16:18:10,209 INFO org.springframework.boot.test.context.SpringBootTestContextBootstrapper [main] Loaded default TestExecutionListener class names from location [META-INF/spring.factories]: [org.springframework.boot.test.mock.mockito.MockitoTestExecutionListener, org.springframework.boot.test.mock.mockito.ResetMocksTestExecutionListener, org.springframework.boot.test.autoconfigure.restdocs.RestDocsTestExecutionListener, org.springframework.boot.test.autoconfigure.web.client.MockRestServiceServerResetTestExecutionListener, org.springframework.boot.test.autoconfigure.web.servlet.MockMvcPrintOnlyOnFailureTestExecutionListener, org.springframework.boot.test.autoconfigure.web.servlet.WebDriverTestExecutionListener, org.springframework.boot.test.autoconfigure.webservices.client.MockWebServiceServerTestExecutionListener, org.springframework.test.context.web.ServletTestExecutionListener, org.springframework.test.context.support.DirtiesContextBeforeModesTestExecutionListener, org.springframework.test.context.support.DependencyInjectionTestExecutionListener, org.springframework.test.context.support.DirtiesContextTestExecutionListener, org.springframework.test.context.transaction.TransactionalTestExecutionListener, org.springframework.test.context.jdbc.SqlScriptsTestExecutionListener, org.springframework.test.context.event.EventPublishingTestExecutionListener]
2020-12-28 16:18:10,243 INFO org.springframework.boot.test.context.SpringBootTestContextBootstrapper [main] Using TestExecutionListeners: [org.springframework.test.context.web.ServletTestExecutionListener@6ad59d92, org.springframework.test.context.support.DirtiesContextBeforeModesTestExecutionListener@56f0cc85, org.springframework.boot.test.mock.mockito.MockitoTestExecutionListener@62e20a76, org.springframework.boot.test.autoconfigure.SpringBootDependencyInjectionTestExecutionListener@2cc44ad, org.springframework.test.context.support.DirtiesContextTestExecutionListener@44b3606b, org.springframework.test.context.transaction.TransactionalTestExecutionListener@1477089c, org.springframework.test.context.jdbc.SqlScriptsTestExecutionListener@663411de, org.springframework.test.context.event.EventPublishingTestExecutionListener@63dd899, org.springframework.boot.test.mock.mockito.ResetMocksTestExecutionListener@59d2400d, org.springframework.boot.test.autoconfigure.restdocs.RestDocsTestExecutionListener@75cd8043, org.springframework.boot.test.autoconfigure.web.client.MockRestServiceServerResetTestExecutionListener@33b1c5c5, org.springframework.boot.test.autoconfigure.web.servlet.MockMvcPrintOnlyOnFailureTestExecutionListener@5b202a3a, org.springframework.boot.test.autoconfigure.web.servlet.WebDriverTestExecutionListener@10b9db7b, org.springframework.boot.test.autoconfigure.webservices.client.MockWebServiceServerTestExecutionListener@9ef8eb7]
2020-12-28 16:18:10,963 INFO com.cg.controller.MessageControllerTest [main] Starting MessageControllerTest using Java 15.0.1 on DESKTOP-HO4P0CS with PID 6856 (started by admin in C:\Users\admin\Desktop\mock\jobsearchsystem\jobsearchsystem\jobsearchsystem\Job-Search-System)
2020-12-28 16:18:10,964 DEBUG com.cg.controller.MessageControllerTest [main] Running with Spring Boot v2.4.1, Spring v5.3.2
2020-12-28 16:18:10,969 INFO com.cg.controller.MessageControllerTest [main] No active profile set, falling back to default profiles: default
2020-12-28 16:18:12,783 INFO org.springframework.data.repository.config.RepositoryConfigurationDelegate [main] Bootstrapping Spring Data JPA repositories in DEFAULT mode.
2020-12-28 16:18:12,931 INFO org.springframework.data.repository.config.RepositoryConfigurationDelegate [main] Finished Spring Data repository scanning in 132 ms. Found 6 JPA repository interfaces.
2020-12-28 16:18:15,073 INFO org.springframework.boot.web.embedded.tomcat.TomcatWebServer [main] Tomcat initialized with port(s): 0 (http)
2020-12-28 16:18:15,343 INFO org.apache.coyote.http11.Http11NioProtocol [main] Initializing ProtocolHandler ["http-nio-auto-1"]
2020-12-28 16:18:15,344 INFO org.apache.catalina.core.StandardService [main] Starting service [Tomcat]
2020-12-28 16:18:15,345 INFO org.apache.catalina.core.StandardEngine [main] Starting Servlet engine: [Apache Tomcat/9.0.41]
2020-12-28 16:18:16,129 INFO org.apache.catalina.core.ContainerBase.[Tomcat].[localhost].[/] [main] Initializing Spring embedded WebApplicationContext
2020-12-28 16:18:16,130 INFO org.springframework.boot.web.servlet.context.ServletWebServerApplicationContext [main] Root WebApplicationContext: initialization completed in 5119 ms
2020-12-28 16:18:17,402 INFO org.hibernate.jpa.internal.util.LogHelper [main] HHH000204: Processing PersistenceUnitInfo [name: default]
2020-12-28 16:18:17,591 INFO org.hibernate.Version [main] HHH000412: Hibernate ORM core version 5.4.25.Final
2020-12-28 16:18:18,130 INFO org.hibernate.annotations.common.Version [main] HCANN000001: Hibernate Commons Annotations {5.1.2.Final}
2020-12-28 16:18:18,363 INFO com.zaxxer.hikari.HikariDataSource [main] HikariPool-1 - Starting...
2020-12-28 16:18:18,704 INFO com.zaxxer.hikari.HikariDataSource [main] HikariPool-1 - Start completed.
2020-12-28 16:18:18,794 INFO org.hibernate.dialect.Dialect [main] HHH000400: Using dialect: org.hibernate.dialect.PostgreSQL10Dialect
2020-12-28 16:18:21,391 INFO org.hibernate.engine.transaction.jta.platform.internal.JtaPlatformInitiator [main] HHH000490: Using JtaPlatform implementation: [org.hibernate.engine.transaction.jta.platform.internal.NoJtaPlatform]
2020-12-28 16:18:21,404 INFO org.springframework.orm.jpa.LocalContainerEntityManagerFactoryBean [main] Initialized JPA EntityManagerFactory for persistence unit 'default'
2020-12-28 16:18:22,881 WARN org.springframework.boot.autoconfigure.orm.jpa.JpaBaseConfiguration$JpaWebConfiguration [main] spring.jpa.open-in-view is enabled by default. Therefore, database queries may be performed during view rendering. Explicitly configure spring.jpa.open-in-view to disable this warning
2020-12-28 16:18:23,250 INFO org.springframework.scheduling.concurrent.ThreadPoolTaskExecutor [main] Initializing ExecutorService 'applicationTaskExecutor'
2020-12-28 16:18:24,198 INFO org.apache.catalina.core.ContainerBase.[Tomcat].[localhost].[/] [main] Initializing Spring TestDispatcherServlet ''
2020-12-28 16:18:24,199 INFO org.springframework.test.web.servlet.TestDispatcherServlet [main] Initializing Servlet ''
2020-12-28 16:18:24,213 INFO org.springframework.boot.actuate.endpoint.web.EndpointLinksResolver [main] Exposing 2 endpoint(s) beneath base path '/actuator'
2020-12-28 16:18:24,269 INFO org.springframework.test.web.servlet.TestDispatcherServlet [main] Completed initialization in 70 ms
2020-12-28 16:18:24,353 INFO org.apache.coyote.http11.Http11NioProtocol [main] Starting ProtocolHandler ["http-nio-auto-1"]
2020-12-28 16:18:24,385 INFO org.springframework.boot.web.embedded.tomcat.TomcatWebServer [main] Tomcat started on port(s): 56785 (http) with context path ''
2020-12-28 16:18:24,413 INFO com.cg.controller.MessageControllerTest [main] Started MessageControllerTest in 14.076 seconds (JVM running for 16.566)
2020-12-28 16:18:25,359 ERROR com.cg.controller.MessageController [main] The given id must not be null!; nested exception is java.lang.IllegalArgumentException: The given id must not be null!
2020-12-28 16:18:25,451 INFO org.springframework.scheduling.concurrent.ThreadPoolTaskExecutor [SpringContextShutdownHook] Shutting down ExecutorService 'applicationTaskExecutor'
2020-12-28 16:18:25,461 INFO org.springframework.orm.jpa.LocalContainerEntityManagerFactoryBean [SpringContextShutdownHook] Closing JPA EntityManagerFactory for persistence unit 'default'
2020-12-28 16:18:25,467 INFO com.zaxxer.hikari.HikariDataSource [SpringContextShutdownHook] HikariPool-1 - Shutdown initiated...
2020-12-28 16:18:25,488 INFO com.zaxxer.hikari.HikariDataSource [SpringContextShutdownHook] HikariPool-1 - Shutdown completed.
2020-12-28 16:18:59,606 INFO org.springframework.boot.test.context.SpringBootTestContextBootstrapper [main] Neither @ContextConfiguration nor @ContextHierarchy found for test class [com.cg.controller.MessageControllerTest], using SpringBootContextLoader
2020-12-28 16:18:59,616 INFO org.springframework.test.context.support.AbstractContextLoader [main] Could not detect default resource locations for test class [com.cg.controller.MessageControllerTest]: no resource found for suffixes {-context.xml, Context.groovy}.
2020-12-28 16:19:00,155 INFO org.springframework.boot.test.context.SpringBootTestContextBootstrapper [main] Loaded default TestExecutionListener class names from location [META-INF/spring.factories]: [org.springframework.boot.test.mock.mockito.MockitoTestExecutionListener, org.springframework.boot.test.mock.mockito.ResetMocksTestExecutionListener, org.springframework.boot.test.autoconfigure.restdocs.RestDocsTestExecutionListener, org.springframework.boot.test.autoconfigure.web.client.MockRestServiceServerResetTestExecutionListener, org.springframework.boot.test.autoconfigure.web.servlet.MockMvcPrintOnlyOnFailureTestExecutionListener, org.springframework.boot.test.autoconfigure.web.servlet.WebDriverTestExecutionListener, org.springframework.boot.test.autoconfigure.webservices.client.MockWebServiceServerTestExecutionListener, org.springframework.test.context.web.ServletTestExecutionListener, org.springframework.test.context.support.DirtiesContextBeforeModesTestExecutionListener, org.springframework.test.context.support.DependencyInjectionTestExecutionListener, org.springframework.test.context.support.DirtiesContextTestExecutionListener, org.springframework.test.context.transaction.TransactionalTestExecutionListener, org.springframework.test.context.jdbc.SqlScriptsTestExecutionListener, org.springframework.test.context.event.EventPublishingTestExecutionListener]
2020-12-28 16:19:00,194 INFO org.springframework.boot.test.context.SpringBootTestContextBootstrapper [main] Using TestExecutionListeners: [org.springframework.test.context.web.ServletTestExecutionListener@6ad59d92, org.springframework.test.context.support.DirtiesContextBeforeModesTestExecutionListener@56f0cc85, org.springframework.boot.test.mock.mockito.MockitoTestExecutionListener@62e20a76, org.springframework.boot.test.autoconfigure.SpringBootDependencyInjectionTestExecutionListener@2cc44ad, org.springframework.test.context.support.DirtiesContextTestExecutionListener@44b3606b, org.springframework.test.context.transaction.TransactionalTestExecutionListener@1477089c, org.springframework.test.context.jdbc.SqlScriptsTestExecutionListener@663411de, org.springframework.test.context.event.EventPublishingTestExecutionListener@63dd899, org.springframework.boot.test.mock.mockito.ResetMocksTestExecutionListener@59d2400d, org.springframework.boot.test.autoconfigure.restdocs.RestDocsTestExecutionListener@75cd8043, org.springframework.boot.test.autoconfigure.web.client.MockRestServiceServerResetTestExecutionListener@33b1c5c5, org.springframework.boot.test.autoconfigure.web.servlet.MockMvcPrintOnlyOnFailureTestExecutionListener@5b202a3a, org.springframework.boot.test.autoconfigure.web.servlet.WebDriverTestExecutionListener@10b9db7b, org.springframework.boot.test.autoconfigure.webservices.client.MockWebServiceServerTestExecutionListener@9ef8eb7]
2020-12-28 16:19:00,975 INFO com.cg.controller.MessageControllerTest [main] Starting MessageControllerTest using Java 15.0.1 on DESKTOP-HO4P0CS with PID 23740 (started by admin in C:\Users\admin\Desktop\mock\jobsearchsystem\jobsearchsystem\jobsearchsystem\Job-Search-System)
2020-12-28 16:19:00,976 DEBUG com.cg.controller.MessageControllerTest [main] Running with Spring Boot v2.4.1, Spring v5.3.2
2020-12-28 16:19:00,981 INFO com.cg.controller.MessageControllerTest [main] No active profile set, falling back to default profiles: default
2020-12-28 16:19:02,745 INFO org.springframework.data.repository.config.RepositoryConfigurationDelegate [main] Bootstrapping Spring Data JPA repositories in DEFAULT mode.
2020-12-28 16:19:02,896 INFO org.springframework.data.repository.config.RepositoryConfigurationDelegate [main] Finished Spring Data repository scanning in 134 ms. Found 6 JPA repository interfaces.
2020-12-28 16:19:05,381 INFO org.springframework.boot.web.embedded.tomcat.TomcatWebServer [main] Tomcat initialized with port(s): 0 (http)
2020-12-28 16:19:05,405 INFO org.apache.coyote.http11.Http11NioProtocol [main] Initializing ProtocolHandler ["http-nio-auto-1"]
2020-12-28 16:19:05,406 INFO org.apache.catalina.core.StandardService [main] Starting service [Tomcat]
2020-12-28 16:19:05,408 INFO org.apache.catalina.core.StandardEngine [main] Starting Servlet engine: [Apache Tomcat/9.0.41]
2020-12-28 16:19:05,677 INFO org.apache.catalina.core.ContainerBase.[Tomcat].[localhost].[/] [main] Initializing Spring embedded WebApplicationContext
2020-12-28 16:19:05,677 INFO org.springframework.boot.web.servlet.context.ServletWebServerApplicationContext [main] Root WebApplicationContext: initialization completed in 4629 ms
2020-12-28 16:19:07,040 INFO org.hibernate.jpa.internal.util.LogHelper [main] HHH000204: Processing PersistenceUnitInfo [name: default]
2020-12-28 16:19:07,188 INFO org.hibernate.Version [main] HHH000412: Hibernate ORM core version 5.4.25.Final
2020-12-28 16:19:07,456 INFO org.hibernate.annotations.common.Version [main] HCANN000001: Hibernate Commons Annotations {5.1.2.Final}
2020-12-28 16:19:07,749 INFO com.zaxxer.hikari.HikariDataSource [main] HikariPool-1 - Starting...
2020-12-28 16:19:07,973 INFO com.zaxxer.hikari.HikariDataSource [main] HikariPool-1 - Start completed.
2020-12-28 16:19:08,053 INFO org.hibernate.dialect.Dialect [main] HHH000400: Using dialect: org.hibernate.dialect.PostgreSQL10Dialect
2020-12-28 16:19:10,329 INFO org.hibernate.engine.transaction.jta.platform.internal.JtaPlatformInitiator [main] HHH000490: Using JtaPlatform implementation: [org.hibernate.engine.transaction.jta.platform.internal.NoJtaPlatform]
2020-12-28 16:19:10,347 INFO org.springframework.orm.jpa.LocalContainerEntityManagerFactoryBean [main] Initialized JPA EntityManagerFactory for persistence unit 'default'
2020-12-28 16:19:11,724 WARN org.springframework.boot.autoconfigure.orm.jpa.JpaBaseConfiguration$JpaWebConfiguration [main] spring.jpa.open-in-view is enabled by default. Therefore, database queries may be performed during view rendering. Explicitly configure spring.jpa.open-in-view to disable this warning
2020-12-28 16:19:12,149 INFO org.springframework.scheduling.concurrent.ThreadPoolTaskExecutor [main] Initializing ExecutorService 'applicationTaskExecutor'
2020-12-28 16:19:13,178 INFO org.apache.catalina.core.ContainerBase.[Tomcat].[localhost].[/] [main] Initializing Spring TestDispatcherServlet ''
2020-12-28 16:19:13,179 INFO org.springframework.test.web.servlet.TestDispatcherServlet [main] Initializing Servlet ''
2020-12-28 16:19:13,195 INFO org.springframework.boot.actuate.endpoint.web.EndpointLinksResolver [main] Exposing 2 endpoint(s) beneath base path '/actuator'
2020-12-28 16:19:13,247 INFO org.springframework.test.web.servlet.TestDispatcherServlet [main] Completed initialization in 68 ms
2020-12-28 16:19:13,336 INFO org.apache.coyote.http11.Http11NioProtocol [main] Starting ProtocolHandler ["http-nio-auto-1"]
2020-12-28 16:19:13,374 INFO org.springframework.boot.web.embedded.tomcat.TomcatWebServer [main] Tomcat started on port(s): 56808 (http) with context path ''
2020-12-28 16:19:13,404 INFO com.cg.controller.MessageControllerTest [main] Started MessageControllerTest in 13.111 seconds (JVM running for 15.507)
2020-12-28 16:19:14,806 ERROR com.cg.controller.MessageController [main] The given id must not be null!; nested exception is java.lang.IllegalArgumentException: The given id must not be null!
2020-12-28 16:19:14,909 INFO org.springframework.scheduling.concurrent.ThreadPoolTaskExecutor [SpringContextShutdownHook] Shutting down ExecutorService 'applicationTaskExecutor'
2020-12-28 16:19:14,916 INFO org.springframework.orm.jpa.LocalContainerEntityManagerFactoryBean [SpringContextShutdownHook] Closing JPA EntityManagerFactory for persistence unit 'default'
2020-12-28 16:19:14,922 INFO com.zaxxer.hikari.HikariDataSource [SpringContextShutdownHook] HikariPool-1 - Shutdown initiated...
2020-12-28 16:19:14,932 INFO com.zaxxer.hikari.HikariDataSource [SpringContextShutdownHook] HikariPool-1 - Shutdown completed.
